<?xml version="1.0" encoding="UTF-8"?>
<!-- Generated by org.testng.reporters.JUnitReportReporter -->
<testsuite skipped="0" hostname="GANESH-PC" name="generic.BaseTest" tests="1" failures="0" timestamp="25 Jul 2018 16:06:52 GMT" time="8.550" errors="0">
  <testcase name="login" time="8.550" classname="generic.BaseTest"/>
</testsuite> <!-- generic.BaseTest -->
