<?xml version="1.0" encoding="UTF-8"?>
<!-- Generated by org.testng.reporters.JUnitReportReporter -->
<testsuite skipped="0" hostname="GANESH-PC" name="scripts.TestLogin" tests="2" failures="0" timestamp="25 Jul 2018 16:09:22 GMT" time="51.212" errors="0">
  <testcase name="validLogin" time="25.092" classname="scripts.TestLogin"/>
  <testcase name="inValidLogin" time="26.120" classname="scripts.TestLogin"/>
</testsuite> <!-- scripts.TestLogin -->
