<?xml version="1.0" encoding="UTF-8"?>
<!-- Generated by org.testng.reporters.JUnitReportReporter -->
<testsuite skipped="0" hostname="GANESH-PC" name="scripts.TestInvalidLogin" tests="1" failures="0" timestamp="30 Jul 2018 10:44:02 GMT" time="35.615" errors="0">
  <testcase name="testInvalidLogin" time="35.615" classname="scripts.TestInvalidLogin"/>
</testsuite> <!-- scripts.TestInvalidLogin -->
