<?xml version="1.0" encoding="UTF-8"?>
<!-- Generated by org.testng.reporters.JUnitReportReporter -->
<testsuite skipped="0" hostname="GANESH-PC" name="scripts.TestValidLogin" tests="1" failures="0" timestamp="30 Jul 2018 10:58:46 GMT" time="33.373" errors="0">
  <testcase name="validLogin" time="33.373" classname="scripts.TestValidLogin"/>
</testsuite> <!-- scripts.TestValidLogin -->
