<?xml version="1.0" encoding="UTF-8"?>
<!-- Generated by org.testng.reporters.JUnitReportReporter -->
<testsuite skipped="0" hostname="GANESH-PC" name="scripts.VerifyActiVersion" tests="1" failures="0" timestamp="30 Jul 2018 13:34:11 GMT" time="34.166" errors="0">
  <testcase name="verifyActiTimeProductVersion" time="34.166" classname="scripts.VerifyActiVersion"/>
</testsuite> <!-- scripts.VerifyActiVersion -->
