<?xml version="1.0" encoding="UTF-8"?>
<!-- Generated by org.testng.reporters.JUnitReportReporter -->
<testsuite skipped="0" hostname="GANESH-PC" name="generic.ExcelRead" tests="1" failures="0" timestamp="25 Jul 2018 14:40:24 GMT" time="0.728" errors="0">
  <testcase name="readData" time="0.728" classname="generic.ExcelRead"/>
</testsuite> <!-- generic.ExcelRead -->
